job execution at: Sat Apr 23 19:43:43 CDT 2016
running on node c221-202
nn.Sequential {
  [input -> (1) -> (2) -> (3) -> (4) -> (5) -> (6) -> (7) -> (8) -> (9) -> (10) -> (11) -> (12) -> (13) -> (14) -> (15) -> (16) -> (17) -> (18) -> (19) -> (20) -> (21) -> (22) -> (23) -> output]
  (1): cudnn.SpatialConvolution(3 -> 96, 11x11, 4,4)
  (2): cudnn.ReLU
  (3): cudnn.SpatialMaxPooling(3x3, 2,2)
  (4): cudnn.SpatialCrossMapLRN
  (5): cudnn.SpatialConvolution(96 -> 256, 5x5, 1,1, 2,2)
  (6): cudnn.ReLU
  (7): cudnn.SpatialMaxPooling(3x3, 2,2)
  (8): cudnn.SpatialCrossMapLRN
  (9): cudnn.SpatialConvolution(256 -> 384, 3x3, 1,1, 1,1)
  (10): cudnn.ReLU
  (11): cudnn.SpatialConvolution(384 -> 384, 3x3, 1,1, 1,1)
  (12): cudnn.ReLU
  (13): cudnn.SpatialConvolution(384 -> 256, 3x3, 1,1, 1,1)
  (14): cudnn.ReLU
  (15): cudnn.SpatialMaxPooling(3x3, 2,2)
  (16): nn.View(-1)
  (17): nn.Linear(9216 -> 4096)
  (18): cudnn.ReLU
  (19): nn.Dropout(0.500000)
  (20): nn.Linear(4096 -> 4096)
  (21): cudnn.ReLU
  (22): nn.Dropout(0.500000)
  (23): nn.Linear(4096 -> 42)
}
0.14715903997421	0.50011479854584
1
pred = 	0.14715903997421	0.50011479854584
err = 	0.45295575857162
pred = 	5.2930378913879	-6.2930536270142
err = 	0
pred = 	5.2930378913879	-6.2930536270142
err = 	0
pred = 	5.2930378913879	-6.2930536270142
err = 	0
pred = 	5.2930378913879	-6.2930536270142
err = 	0
