job execution at: Sun Apr 17 18:58:43 CDT 2016
running on node c221-801
Initialized empty Git repository in /tmp/luarocks_ccn2-scm-1-9993/cuda-convnet2.torch/.git/
-- The C compiler identification is GNU 4.4.7
-- The CXX compiler identification is GNU 4.4.7
-- Check for working C compiler: /usr/bin/cc
-- Check for working C compiler: /usr/bin/cc -- works
-- Detecting C compiler ABI info
-- Detecting C compiler ABI info - done
-- Check for working CXX compiler: /usr/bin/c++
-- Check for working CXX compiler: /usr/bin/c++ -- works
-- Detecting CXX compiler ABI info
-- Detecting CXX compiler ABI info - done
-- Found Torch7 in /work/04001/ashishb/maverick/torch_cuda
-- Found CUDA: /opt/apps/cuda/7.0 (found suitable version "7.0", minimum required is "5.5") 
-- Configuring done
-- Generating done
-- Build files have been written to: /tmp/luarocks_ccn2-scm-1-9993/cuda-convnet2.torch/build
[ 20%] Building NVCC (Device) object CMakeFiles/ccn2.dir//./ccn2_generated_bias_kernels.cu.o
[ 40%] Building NVCC (Device) object CMakeFiles/ccn2.dir/cudaconv3/src/./ccn2_generated_conv_util.cu.o
[ 60%] Building NVCC (Device) object CMakeFiles/ccn2.dir/cudaconv3/src/./ccn2_generated_filter_acts.cu.o
[ 80%] Building NVCC (Device) object CMakeFiles/ccn2.dir/cudaconv3/src/./ccn2_generated_img_acts.cu.o
[100%] Building NVCC (Device) object CMakeFiles/ccn2.dir/cudaconv3/src/./ccn2_generated_weight_acts.cu.o
Scanning dependencies of target ccn2
Linking CXX shared module libccn2.so
[100%] Built target ccn2
-- Found Torch7 in /work/04001/ashishb/maverick/torch_cuda
-- Configuring done
-- Generating done
-- Build files have been written to: /tmp/luarocks_ccn2-scm-1-9993/cuda-convnet2.torch/build
[ 20%] Building NVCC (Device) object CMakeFiles/ccn2.dir//./ccn2_generated_bias_kernels.cu.o
[ 40%] Building NVCC (Device) object CMakeFiles/ccn2.dir/cudaconv3/src/./ccn2_generated_conv_util.cu.o
[ 60%] Building NVCC (Device) object CMakeFiles/ccn2.dir/cudaconv3/src/./ccn2_generated_filter_acts.cu.o
[ 80%] Building NVCC (Device) object CMakeFiles/ccn2.dir/cudaconv3/src/./ccn2_generated_img_acts.cu.o
[ 80%] Building NVCC (Device) object CMakeFiles/ccn2.dir/cudaconv3/src/./ccn2_generated_conv_util.cu.o
[ 80%] Building NVCC (Device) object CMakeFiles/ccn2.dir/cudaconv3/src/./ccn2_generated_filter_acts.cu.o
[100%] Building NVCC (Device) object CMakeFiles/ccn2.dir/cudaconv3/src/./ccn2_generated_weight_acts.cu.o
Linking CXX shared module libccn2.so
[100%] Built target ccn2
Install the project...
-- Install configuration: "Release"
-- Installing: /work/04001/ashishb/maverick/torch_cuda/lib/luarocks/rocks/ccn2/scm-1/lib/libccn2.so
-- Set runtime path of "/work/04001/ashishb/maverick/torch_cuda/lib/luarocks/rocks/ccn2/scm-1/lib/libccn2.so" to "$ORIGIN/../lib:/work/04001/ashishb/maverick/torch_cuda/lib:/opt/apps/cuda/7.0/lib64"
-- Installing: /work/04001/ashishb/maverick/torch_cuda/lib/luarocks/rocks/ccn2/scm-1/lua/ccn2/SpatialCrossMaxPooling.lua
-- Installing: /work/04001/ashishb/maverick/torch_cuda/lib/luarocks/rocks/ccn2/scm-1/lua/ccn2/SpatialMaxPooling.lua
-- Installing: /work/04001/ashishb/maverick/torch_cuda/lib/luarocks/rocks/ccn2/scm-1/lua/ccn2/SpatialResponseNormalization.lua
-- Installing: /work/04001/ashishb/maverick/torch_cuda/lib/luarocks/rocks/ccn2/scm-1/lua/ccn2/utils.lua
-- Installing: /work/04001/ashishb/maverick/torch_cuda/lib/luarocks/rocks/ccn2/scm-1/lua/ccn2/SpatialAvgPooling.lua
-- Installing: /work/04001/ashishb/maverick/torch_cuda/lib/luarocks/rocks/ccn2/scm-1/lua/ccn2/SpatialConvolution.lua
-- Installing: /work/04001/ashishb/maverick/torch_cuda/lib/luarocks/rocks/ccn2/scm-1/lua/ccn2/Jacobian.lua
-- Installing: /work/04001/ashishb/maverick/torch_cuda/lib/luarocks/rocks/ccn2/scm-1/lua/ccn2/SpatialContrastNormalization.lua
-- Installing: /work/04001/ashishb/maverick/torch_cuda/lib/luarocks/rocks/ccn2/scm-1/lua/ccn2/SpatialCrossResponseNormalization.lua
-- Installing: /work/04001/ashishb/maverick/torch_cuda/lib/luarocks/rocks/ccn2/scm-1/lua/ccn2/init.lua
-- Installing: /work/04001/ashishb/maverick/torch_cuda/lib/luarocks/rocks/ccn2/scm-1/lua/ccn2/SpatialResizeBilinear.lua
-- Installing: /work/04001/ashishb/maverick/torch_cuda/lib/luarocks/rocks/ccn2/scm-1/lua/ccn2/SpatialConvolutionLocal.lua
-- Installing: /work/04001/ashishb/maverick/torch_cuda/lib/luarocks/rocks/ccn2/scm-1/lua/ccn2/ffi.lua
Installing https://raw.githubusercontent.com/torch/rocks/master/ccn2-scm-1.rockspec...
Using https://raw.githubusercontent.com/torch/rocks/master/ccn2-scm-1.rockspec... switching to 'build' mode
cmake -E make_directory build && cd build && cmake .. -DCMAKE_BUILD_TYPE=Release -DCMAKE_PREFIX_PATH="/work/04001/ashishb/maverick/torch_cuda/bin/.." -DCMAKE_INSTALL_PREFIX="/work/04001/ashishb/maverick/torch_cuda/lib/luarocks/rocks/ccn2/scm-1" && make

cd build && make install
Updating manifest for /work/04001/ashishb/maverick/torch_cuda/lib/luarocks/rocks
ccn2 scm-1 is now built and installed in /work/04001/ashishb/maverick/torch_cuda/ (license: Apache 2.0)

Installing https://raw.githubusercontent.com/torch/rocks/master/cudnn-scm-1.rockspec...
Using https://raw.githubusercontent.com/torch/rocks/master/cudnn-scm-1.rockspec... switching to 'build' mode
Initialized empty Git repository in /tmp/luarocks_cudnn-scm-1-9240/cudnn.torch/.git/
-- The C compiler identification is GNU 4.4.7
-- The CXX compiler identification is GNU 4.4.7
-- Check for working C compiler: /usr/bin/cc
-- Check for working C compiler: /usr/bin/cc -- works
-- Detecting C compiler ABI info
-- Detecting C compiler ABI info - done
-- Check for working CXX compiler: /usr/bin/c++
-- Check for working CXX compiler: /usr/bin/c++ -- works
-- Detecting CXX compiler ABI info
-- Detecting CXX compiler ABI info - done
-- Found Torch7 in /work/04001/ashishb/maverick/torch_cuda
-- Found CUDA: /opt/apps/cuda/7.0 (found suitable version "7.0", minimum required is "7.0") 
-- Configuring done
-- Generating done
-- Build files have been written to: /tmp/luarocks_cudnn-scm-1-9240/cudnn.torch/build
Install the project...
-- Install configuration: "Release"
-- Installing: /work/04001/ashishb/maverick/torch_cuda/lib/luarocks/rocks/cudnn/scm-1/lua/cudnn/SpatialDivisiveNormalization.lua
-- Installing: /work/04001/ashishb/maverick/torch_cuda/lib/luarocks/rocks/cudnn/scm-1/lua/cudnn/SpatialMaxPooling.lua
-- Installing: /work/04001/ashishb/maverick/torch_cuda/lib/luarocks/rocks/cudnn/scm-1/lua/cudnn/SpatialAveragePooling.lua
-- Installing: /work/04001/ashishb/maverick/torch_cuda/lib/luarocks/rocks/cudnn/scm-1/lua/cudnn/Pointwise.lua
-- Installing: /work/04001/ashishb/maverick/torch_cuda/lib/luarocks/rocks/cudnn/scm-1/lua/cudnn/SpatialSoftMax.lua
-- Installing: /work/04001/ashishb/maverick/torch_cuda/lib/luarocks/rocks/cudnn/scm-1/lua/cudnn/BatchNormalization.lua
-- Installing: /work/04001/ashishb/maverick/torch_cuda/lib/luarocks/rocks/cudnn/scm-1/lua/cudnn/VolumetricBatchNormalization.lua
-- Installing: /work/04001/ashishb/maverick/torch_cuda/lib/luarocks/rocks/cudnn/scm-1/lua/cudnn/TemporalConvolution.lua
-- Installing: /work/04001/ashishb/maverick/torch_cuda/lib/luarocks/rocks/cudnn/scm-1/lua/cudnn/env.lua
-- Installing: /work/04001/ashishb/maverick/torch_cuda/lib/luarocks/rocks/cudnn/scm-1/lua/cudnn/SpatialCrossEntropyCriterion.lua
-- Installing: /work/04001/ashishb/maverick/torch_cuda/lib/luarocks/rocks/cudnn/scm-1/lua/cudnn/ReLU.lua
-- Installing: /work/04001/ashishb/maverick/torch_cuda/lib/luarocks/rocks/cudnn/scm-1/lua/cudnn/SpatialLogSoftMax.lua
-- Installing: /work/04001/ashishb/maverick/torch_cuda/lib/luarocks/rocks/cudnn/scm-1/lua/cudnn/functional.lua
-- Installing: /work/04001/ashishb/maverick/torch_cuda/lib/luarocks/rocks/cudnn/scm-1/lua/cudnn/SpatialBatchNormalization.lua
-- Installing: /work/04001/ashishb/maverick/torch_cuda/lib/luarocks/rocks/cudnn/scm-1/lua/cudnn/SpatialConvolution.lua
-- Installing: /work/04001/ashishb/maverick/torch_cuda/lib/luarocks/rocks/cudnn/scm-1/lua/cudnn/SpatialCrossMapLRN.lua
-- Installing: /work/04001/ashishb/maverick/torch_cuda/lib/luarocks/rocks/cudnn/scm-1/lua/cudnn/LogSoftMax.lua
-- Installing: /work/04001/ashishb/maverick/torch_cuda/lib/luarocks/rocks/cudnn/scm-1/lua/cudnn/SoftMax.lua
-- Installing: /work/04001/ashishb/maverick/torch_cuda/lib/luarocks/rocks/cudnn/scm-1/lua/cudnn/convert.lua
-- Installing: /work/04001/ashishb/maverick/torch_cuda/lib/luarocks/rocks/cudnn/scm-1/lua/cudnn/Sigmoid.lua
-- Installing: /work/04001/ashishb/maverick/torch_cuda/lib/luarocks/rocks/cudnn/scm-1/lua/cudnn/Pooling3D.lua
-- Installing: /work/04001/ashishb/maverick/torch_cuda/lib/luarocks/rocks/cudnn/scm-1/lua/cudnn/SpatialFullConvolution.lua
-- Installing: /work/04001/ashishb/maverick/torch_cuda/lib/luarocks/rocks/cudnn/scm-1/lua/cudnn/VolumetricConvolution.lua
-- Installing: /work/04001/ashishb/maverick/torch_cuda/lib/luarocks/rocks/cudnn/scm-1/lua/cudnn/Pooling.lua
-- Installing: /work/04001/ashishb/maverick/torch_cuda/lib/luarocks/rocks/cudnn/scm-1/lua/cudnn/Tanh.lua
-- Installing: /work/04001/ashishb/maverick/torch_cuda/lib/luarocks/rocks/cudnn/scm-1/lua/cudnn/init.lua
-- Installing: /work/04001/ashishb/maverick/torch_cuda/lib/luarocks/rocks/cudnn/scm-1/lua/cudnn/VolumetricMaxPooling.lua
-- Installing: /work/04001/ashishb/maverick/torch_cuda/lib/luarocks/rocks/cudnn/scm-1/lua/cudnn/VolumetricAveragePooling.lua
-- Installing: /work/04001/ashishb/maverick/torch_cuda/lib/luarocks/rocks/cudnn/scm-1/lua/cudnn/ffi.lua
cmake -E make_directory build && cd build && cmake .. -DCMAKE_BUILD_TYPE=Release -DCMAKE_PREFIX_PATH="/work/04001/ashishb/maverick/torch_cuda/bin/.." -DCMAKE_INSTALL_PREFIX="/work/04001/ashishb/maverick/torch_cuda/lib/luarocks/rocks/cudnn/scm-1" && make

cd build && make install
Updating manifest for /work/04001/ashishb/maverick/torch_cuda/lib/luarocks/rocks
cudnn scm-1 is now built and installed in /work/04001/ashishb/maverick/torch_cuda/ (license: BSD)

Installing https://raw.githubusercontent.com/torch/rocks/master/cunn-scm-1.rockspec...
Using https://raw.githubusercontent.com/torch/rocks/master/cunn-scm-1.rockspec... switching to 'build' mode
Initialized empty Git repository in /tmp/luarocks_cunn-scm-1-5781/cunn/.git/
-- The C compiler identification is GNU 4.4.7
-- The CXX compiler identification is GNU 4.4.7
-- Check for working C compiler: /usr/bin/cc
-- Check for working C compiler: /usr/bin/cc -- works
-- Detecting C compiler ABI info
-- Detecting C compiler ABI info - done
-- Check for working CXX compiler: /usr/bin/c++
-- Check for working CXX compiler: /usr/bin/c++ -- works
-- Detecting CXX compiler ABI info
-- Detecting CXX compiler ABI info - done
-- Found Torch7 in /work/04001/ashishb/maverick/torch_cuda
-- Found CUDA: /opt/apps/cuda/7.0 (found suitable version "7.0", minimum required is "6.5") 
-- Compiling for CUDA architecture: 3.5
-- Configuring done
-- Generating done
-- Build files have been written to: /tmp/luarocks_cunn-scm-1-5781/cunn/build
[  2%] [  4%] [  6%] [  8%] [ 10%] [ 12%] [ 14%] [ 17%] [ 19%] [ 21%] [ 23%] [ 25%] [ 27%] [ 29%] [ 31%] [ 34%] [ 36%] [ 38%] [ 42%] [ 42%] Building NVCC (Device) object lib/THCUNN/CMakeFiles/THCUNN.dir//./THCUNN_generated_HardTanh.cu.o
Building NVCC (Device) object lib/THCUNN/CMakeFiles/THCUNN.dir//./THCUNN_generated_VolumetricMaxPooling.cu.o
Building NVCC (Device) object lib/THCUNN/CMakeFiles/THCUNN.dir//./THCUNN_generated_SpatialAdaptiveMaxPooling.cu.o
Building NVCC (Device) object lib/THCUNN/CMakeFiles/THCUNN.dir//./THCUNN_generated_SpatialConvolutionMM.cu.o
Building NVCC (Device) object lib/THCUNN/CMakeFiles/THCUNN.dir//./THCUNN_generated_SpatialUpSamplingNearest.cu.o
Building NVCC (Device) object lib/THCUNN/CMakeFiles/THCUNN.dir//./THCUNN_generated_ELU.cu.o
Building NVCC (Device) object lib/THCUNN/CMakeFiles/THCUNN.dir//./THCUNN_generated_SoftPlus.cu.o
Building NVCC (Device) object lib/THCUNN/CMakeFiles/THCUNN.dir//./THCUNN_generated_SoftMarginCriterion.cu.o
Building NVCC (Device) object lib/THCUNN/CMakeFiles/THCUNN.dir//./THCUNN_generated_TemporalMaxPooling.cu.o
Building NVCC (Device) object lib/THCUNN/CMakeFiles/THCUNN.dir//./THCUNN_generated_SmoothL1Criterion.cu.o
Building NVCC (Device) object lib/THCUNN/CMakeFiles/THCUNN.dir//./THCUNN_generated_SpatialAveragePooling.cu.o
Building NVCC (Device) object lib/THCUNN/CMakeFiles/THCUNN.dir//./THCUNN_generated_Sqrt.cu.o
Building NVCC (Device) object lib/THCUNN/CMakeFiles/THCUNN.dir//./THCUNN_generated_LogSigmoid.cu.o
Building NVCC (Device) object lib/THCUNN/CMakeFiles/THCUNN.dir//./THCUNN_generated_SpatialCrossMapLRN.cu.o
Building NVCC (Device) object lib/THCUNN/CMakeFiles/THCUNN.dir//./THCUNN_generated_SpatialReflectionPadding.cu.o
Building NVCC (Device) object lib/THCUNN/CMakeFiles/THCUNN.dir//./THCUNN_generated_SpatialConvolutionLocal.cu.o
Building NVCC (Device) object lib/THCUNN/CMakeFiles/THCUNN.dir//./THCUNN_generated_ClassNLLCriterion.cu.o
Building NVCC (Device) object lib/THCUNN/CMakeFiles/THCUNN.dir//./THCUNN_generated_SoftMax.cu.o
Building NVCC (Device) object lib/THCUNN/CMakeFiles/THCUNN.dir//./THCUNN_generated_Square.cu.o
Building NVCC (Device) object lib/THCUNN/CMakeFiles/THCUNN.dir//./THCUNN_generated_BatchNormalization.cu.o
[ 44%] Building NVCC (Device) object lib/THCUNN/CMakeFiles/THCUNN.dir//./THCUNN_generated_MSECriterion.cu.o
[ 46%] Building NVCC (Device) object lib/THCUNN/CMakeFiles/THCUNN.dir//./THCUNN_generated_SpatialMaxPooling.cu.o
[ 48%] Building NVCC (Device) object lib/THCUNN/CMakeFiles/THCUNN.dir//./THCUNN_generated_RReLU.cu.o
[ 53%] [ 53%] [ 55%] Building NVCC (Device) object lib/THCUNN/CMakeFiles/THCUNN.dir//./THCUNN_generated_SpatialMaxUnpooling.cu.o
Building NVCC (Device) object lib/THCUNN/CMakeFiles/THCUNN.dir//./THCUNN_generated_MarginCriterion.cu.o
Building NVCC (Device) object lib/THCUNN/CMakeFiles/THCUNN.dir//./THCUNN_generated_Threshold.cu.o
[ 57%] [ 59%] Building NVCC (Device) object lib/THCUNN/CMakeFiles/THCUNN.dir//./THCUNN_generated_MultiMarginCriterion.cu.o
Building NVCC (Device) object lib/THCUNN/CMakeFiles/THCUNN.dir//./THCUNN_generated_PReLU.cu.o
[ 61%] Building NVCC (Device) object lib/THCUNN/CMakeFiles/THCUNN.dir//./THCUNN_generated_SpatialFullConvolution.cu.o
[ 63%] Building NVCC (Device) object lib/THCUNN/CMakeFiles/THCUNN.dir//./THCUNN_generated_SpatialFractionalMaxPooling.cu.o
[ 65%] Building NVCC (Device) object lib/THCUNN/CMakeFiles/THCUNN.dir//./THCUNN_generated_SpatialSubSampling.cu.o
[ 68%] Building NVCC (Device) object lib/THCUNN/CMakeFiles/THCUNN.dir//./THCUNN_generated_LogSoftMax.cu.o
[ 70%] Building NVCC (Device) object lib/THCUNN/CMakeFiles/THCUNN.dir//./THCUNN_generated_LookupTable.cu.o
[ 72%] Building NVCC (Device) object lib/THCUNN/CMakeFiles/THCUNN.dir//./THCUNN_generated_AbsCriterion.cu.o
[ 74%] Building NVCC (Device) object lib/THCUNN/CMakeFiles/THCUNN.dir//./THCUNN_generated_VolumetricFullConvolution.cu.o
[ 76%] Building NVCC (Device) object lib/THCUNN/CMakeFiles/THCUNN.dir//./THCUNN_generated_TemporalConvolution.cu.o
[ 78%] Building NVCC (Device) object lib/THCUNN/CMakeFiles/THCUNN.dir//./THCUNN_generated_VolumetricConvolution.cu.o
[ 80%] Building NVCC (Device) object lib/THCUNN/CMakeFiles/THCUNN.dir//./THCUNN_generated_Sigmoid.cu.o
[ 82%] Building NVCC (Device) object lib/THCUNN/CMakeFiles/THCUNN.dir//./THCUNN_generated_Abs.cu.o
[ 85%] Building NVCC (Device) object lib/THCUNN/CMakeFiles/THCUNN.dir//./THCUNN_generated_SpatialReplicationPadding.cu.o
[ 87%] Building NVCC (Device) object lib/THCUNN/CMakeFiles/THCUNN.dir//./THCUNN_generated_L1Cost.cu.o
[ 89%] Building NVCC (Device) object lib/THCUNN/CMakeFiles/THCUNN.dir//./THCUNN_generated_Tanh.cu.o
[ 91%] Building NVCC (Device) object lib/THCUNN/CMakeFiles/THCUNN.dir//./THCUNN_generated_SparseLinear.cu.o
[ 93%] Building NVCC (Device) object lib/THCUNN/CMakeFiles/THCUNN.dir//./THCUNN_generated_VolumetricAveragePooling.cu.o
[ 95%] Building NVCC (Device) object lib/THCUNN/CMakeFiles/THCUNN.dir//./THCUNN_generated_DistKLDivCriterion.cu.o
[ 97%] Building NVCC (Device) object lib/THCUNN/CMakeFiles/THCUNN.dir//./THCUNN_generated_LeakyReLU.cu.o
[100%] Building NVCC (Device) object lib/THCUNN/CMakeFiles/THCUNN.dir//./THCUNN_generated_SoftShrink.cu.o
Scanning dependencies of target THCUNN
Linking CXX shared module libTHCUNN.so
[100%] Built target THCUNN
Install the project...
-- Install configuration: "Release"
-- Installing: /work/04001/ashishb/maverick/torch_cuda/lib/luarocks/rocks/cunn/scm-1/lua/cunn/test_DataParallelTable.lua
-- Installing: /work/04001/ashishb/maverick/torch_cuda/lib/luarocks/rocks/cunn/scm-1/lua/cunn/test.lua
-- Installing: /work/04001/ashishb/maverick/torch_cuda/lib/luarocks/rocks/cunn/scm-1/lua/cunn/THCUNN.lua
-- Installing: /work/04001/ashishb/maverick/torch_cuda/lib/luarocks/rocks/cunn/scm-1/lua/cunn/init.lua
-- Installing: /work/04001/ashishb/maverick/torch_cuda/lib/luarocks/rocks/cunn/scm-1/lua/cunn/THCUNN_h.lua
-- Installing: /work/04001/ashishb/maverick/torch_cuda/lib/luarocks/rocks/cunn/scm-1/lua/cunn/DataParallelTable.lua
-- Installing: /work/04001/ashishb/maverick/torch_cuda/lib/luarocks/rocks/cunn/scm-1/lib/libTHCUNN.so
-- Set runtime path of "/work/04001/ashishb/maverick/torch_cuda/lib/luarocks/rocks/cunn/scm-1/lib/libTHCUNN.so" to "$ORIGIN/../lib:/work/04001/ashishb/maverick/torch_cuda/lib:/opt/apps/cuda/7.0/lib64"
cmake -E make_directory build && cd build && cmake .. -DCMAKE_BUILD_TYPE=Release -DCMAKE_PREFIX_PATH="/work/04001/ashishb/maverick/torch_cuda/bin/.." -DCMAKE_INSTALL_PREFIX="/work/04001/ashishb/maverick/torch_cuda/lib/luarocks/rocks/cunn/scm-1" && make -j$(getconf _NPROCESSORS_ONLN) install

cd build
Updating manifest for /work/04001/ashishb/maverick/torch_cuda/lib/luarocks/rocks
cunn scm-1 is now built and installed in /work/04001/ashishb/maverick/torch_cuda/ (license: BSD)

