job execution at: Sun Apr 17 23:15:42 CDT 2016
running on node c221-202
Successfully loaded bvlc_alexnet.caffemodel
MODULE data UNDEFINED
warning: module 'data [type 5]' not found
conv1: 96 3 11 11
conv2: 256 48 5 5
conv3: 384 256 3 3
conv4: 384 192 3 3
conv5: 256 192 3 3
fc6: 1 1 9216 4096
fc7: 1 1 4096 4096
fc8: 1 1 4096 1000
Network
nn.Sequential {
  [input -> (1) -> (2) -> (3) -> (4) -> (5) -> (6) -> (7) -> (8) -> (9) -> (10) -> (11) -> (12) -> (13) -> (14) -> (15) -> (16) -> (17) -> (18) -> (19) -> (20) -> (21) -> (22) -> (23) -> (24) -> (25) -> (26) -> output]
  (1): nn.Transpose
  (2): ccn2.SpatialConvolution
  (3): nn.ReLU
  (4): ccn2.SpatialCrossResponseNormalization
  (5): ccn2.SpatialMaxPooling
  (6): ccn2.SpatialConvolution
  (7): nn.ReLU
  (8): ccn2.SpatialCrossResponseNormalization
  (9): ccn2.SpatialMaxPooling
  (10): ccn2.SpatialConvolution
  (11): nn.ReLU
  (12): ccn2.SpatialConvolution
  (13): nn.ReLU
  (14): ccn2.SpatialConvolution
  (15): nn.ReLU
  (16): ccn2.SpatialMaxPooling
  (17): nn.Transpose
  (18): nn.View(-1)
  (19): nn.Linear(9216 -> 4096)
  (20): nn.ReLU
  (21): nn.Dropout(0.500000)
  (22): nn.Linear(4096 -> 4096)
  (23): nn.ReLU
  (24): nn.Dropout(0.500000)
  (25): nn.Linear(4096 -> 1000)
  (26): nn.SoftMax
}
nn.Sequential {
  [input -> (1) -> (2) -> (3) -> (4) -> (5) -> (6) -> (7) -> (8) -> (9) -> (10) -> (11) -> (12) -> (13) -> (14) -> (15) -> (16) -> (17) -> (18) -> (19) -> (20) -> (21) -> (22) -> (23) -> (24) -> (25) -> (26) -> output]
  (1): nn.Transpose
  (2): ccn2.SpatialConvolution
  (3): nn.ReLU
  (4): ccn2.SpatialCrossResponseNormalization
  (5): ccn2.SpatialMaxPooling
  (6): ccn2.SpatialConvolution
  (7): nn.ReLU
  (8): ccn2.SpatialCrossResponseNormalization
  (9): ccn2.SpatialMaxPooling
  (10): ccn2.SpatialConvolution
  (11): nn.ReLU
  (12): ccn2.SpatialConvolution
  (13): nn.ReLU
  (14): ccn2.SpatialConvolution
  (15): nn.ReLU
  (16): ccn2.SpatialMaxPooling
  (17): nn.Transpose
  (18): nn.View(-1)
  (19): nn.Linear(9216 -> 4096)
  (20): nn.ReLU
  (21): nn.Dropout(0.500000)
  (22): nn.Linear(4096 -> 4096)
  (23): nn.ReLU
  (24): nn.Dropout(0.500000)
  (25): nn.Linear(4096 -> 1000)
  (26): nn.SoftMax
}
