job execution at: Sun Apr 17 23:16:41 CDT 2016
running on node c221-202
Successfully loaded bvlc_reference_caffenet.caffemodel
MODULE data UNDEFINED
warning: module 'data [type 5]' not found
conv1: 96 3 11 11
conv2: 256 48 5 5
conv3: 384 256 3 3
conv4: 384 192 3 3
conv5: 256 192 3 3
fc6: 1 1 9216 4096
fc7: 1 1 4096 4096
fc8: 1 1 4096 1000
nn.Sequential {
  [input -> (1) -> (2) -> (3) -> (4) -> (5) -> (6) -> (7) -> (8) -> (9) -> (10) -> (11) -> (12) -> (13) -> (14) -> (15) -> (16) -> (17) -> (18) -> (19) -> (20) -> (21) -> (22) -> (23) -> (24) -> output]
  (1): cudnn.SpatialConvolution(3 -> 96, 11x11, 4,4)
  (2): cudnn.ReLU
  (3): cudnn.SpatialMaxPooling(3x3, 2,2)
  (4): cudnn.SpatialCrossMapLRN
  (5): cudnn.SpatialConvolution(96 -> 256, 5x5, 1,1, 2,2)
  (6): cudnn.ReLU
  (7): cudnn.SpatialMaxPooling(3x3, 2,2)
  (8): cudnn.SpatialCrossMapLRN
  (9): cudnn.SpatialConvolution(256 -> 384, 3x3, 1,1, 1,1)
  (10): cudnn.ReLU
  (11): cudnn.SpatialConvolution(384 -> 384, 3x3, 1,1, 1,1)
  (12): cudnn.ReLU
  (13): cudnn.SpatialConvolution(384 -> 256, 3x3, 1,1, 1,1)
  (14): cudnn.ReLU
  (15): cudnn.SpatialMaxPooling(3x3, 2,2)
  (16): nn.View(-1)
  (17): nn.Linear(9216 -> 4096)
  (18): cudnn.ReLU
  (19): nn.Dropout(0.500000)
  (20): nn.Linear(4096 -> 4096)
  (21): cudnn.ReLU
  (22): nn.Dropout(0.500000)
  (23): nn.Linear(4096 -> 1000)
  (24): cudnn.SoftMax
}
0.001 *
 0.8245
 0.9066
 0.8183
 0.7719
 1.0236
 1.0332
 0.8698
 0.9190
 0.8881
 0.8663
 0.8232
 0.7592
 0.8430
 0.9874
 0.9077
 0.9350
 0.9462
 0.8724
 1.0176
 0.8918
 0.9576
 1.0909
 1.0377
 1.0735
 0.8621
 0.9118
 0.9573
 0.8935
 0.9228
 0.7456
 0.8214
 0.9193
 0.8874
 0.8778
 1.0561
 0.8281
 0.8766
 0.8585
 0.8709
 0.8185
 0.9080
 1.0375
 0.9442
 0.7641
 1.0031
 0.8988
 0.9641
 0.8628
 0.8851
 0.9473
 1.0080
 0.7813
 1.1752
 1.0364
 0.9867
 0.9253
 0.9742
 1.0336
 1.2252
 1.1592
 1.0062
 1.1223
 1.0328
 0.9300
 0.9210
 1.2201
 0.9461
 1.0464
 0.9462
 1.0076
 0.8868
 0.8794
 0.9440
 0.9538
 0.8542
 1.0312
 1.1560
 1.1546
 1.1270
 0.9945
 0.9513
 0.9493
 0.8474
 0.7693
 0.8532
 0.9002
 0.8047
 0.9082
 0.7606
 0.9062
 0.6962
 0.9056
 0.8507
 0.8802
 0.8985
 0.7985
 0.7447
 0.8168
 0.8431
 0.8414
 0.8912
 0.9098
 1.0235
 0.9457
 1.0784
 0.7740
 0.9504
 0.9801
 0.9614
 0.9194
 0.9095
 1.2102
 1.1890
 1.0994
 1.0897
 0.9205
 1.0320
 0.8865
 0.9526
 0.9169
 1.0101
 0.9407
 0.8739
 0.8030
 1.0341
 0.9382
 0.9782
 0.8806
 0.8640
 0.8789
 0.8500
 0.9160
 0.9800
 0.9927
 0.8316
 0.8482
 0.7639
 0.9342
 0.9347
 0.9347
 0.9552
 0.9121
 0.8922
 0.9814
 0.9244
 0.9317
 1.0130
 0.9439
 0.8842
 0.8392
 1.1478
 1.1750
 0.8380
 1.1005
 1.0306
 1.0826
 1.0680
 1.0133
 0.8496
 1.0414
 0.9625
 1.1523
 1.1187
 1.1055
 0.9257
 0.8145
 0.8858
 0.7870
 1.0643
 0.9211
 1.0032
 1.1714
 1.0859
 0.8757
 0.9916
 0.8197
 0.9903
 0.9921
 1.1616
 1.0460
 0.9817
 0.8801
 1.1558
 0.9389
 1.1042
 1.2095
 1.0719
 1.0592
 0.9409
 0.9980
 0.9493
 0.9960
 1.1902
 0.8949
 0.9971
 1.1358
 1.0525
 1.0144
 0.8849
 1.1059
 1.0514
 1.0788
 1.0927
 1.1582
 1.1762
 1.0979
 0.9006
 1.1253
 1.0704
 1.1649
 0.8685
 1.0753
 0.9632
 1.0124
 0.9713
 0.9798
 0.9366
 1.1152
 1.0316
 1.0733
 0.9786
 0.8165
 0.9836
 1.2110
 1.0107
 1.0282
 0.8808
 0.9764
 0.8710
 1.0779
 1.0850
 0.9352
 1.2147
 0.9898
 1.0443
 0.9909
 0.9619
 1.0349
 1.0788
 1.1181
 1.0283
 0.9996
 0.9881
 0.8719
 1.0131
 1.0476
 0.8721
 0.9622
 0.9148
 0.9824
 1.0066
 0.9474
 1.0284
 0.9469
 1.0856
 0.8929
 1.2023
 1.1428
 0.9832
 1.0708
 1.0524
 1.0285
 0.9022
 1.1861
 1.1631
 1.0138
 0.9618
 0.9486
 0.7240
 1.0385
 1.0255
 0.9051
 1.0502
 1.2070
 0.9948
 0.9504
 1.0781
 1.0114
 0.8987
 1.1275
 0.9471
 0.9014
 0.7811
 1.0533
 0.9812
 0.9326
 0.9872
 0.8717
 0.8939
 0.9403
 0.9268
 0.8926
 0.8390
 0.9374
 1.0560
 1.0171
 0.9797
 0.9585
 0.9359
 1.0826
 0.8590
 0.9982
 0.8626
 0.9659
 0.7893
 1.1166
 0.8354
 0.8872
 0.8224
 0.8928
 1.0553
 0.8230
 0.9285
 1.2468
 1.0573
 0.9410
 0.8208
 0.8899
 0.8734
 0.8405
 0.9430
 0.7666
 0.8348
 0.7977
 0.8196
 0.7476
 0.8141
 0.9951
 0.9653
 1.0411
 0.9193
 1.0263
 0.9842
 1.0140
 1.0320
 0.8302
 1.1682
 0.9903
 0.9068
 0.8191
 0.8963
 1.0380
 0.9673
 1.0030
 0.8185
 0.8722
 1.0161
 1.0462
 0.8705
 1.0564
 1.0790
 0.7811
 0.9277
 0.9355
 0.9620
 0.8378
 1.0336
 1.0085
 1.0340
 0.9741
 1.0535
 1.0566
 0.9505
 0.9268
 0.9252
 0.9281
 0.9414
 0.9962
 0.9454
 0.9757
 0.8527
 0.8609
 1.0246
 0.9747
 1.0333
 0.9315
 0.8079
 0.9720
 0.9952
 1.1897
 0.9187
 0.9899
 0.9646
 0.9935
 0.8335
 0.9070
 0.9124
 0.8458
 0.8521
 0.8583
 1.0122
 1.0883
 0.7181
 0.9012
 0.8604
 0.9953
 0.7791
 0.8920
 1.0848
 1.2080
 1.0248
 1.0087
 0.8610
 0.9205
 0.9074
 1.0292
 1.0510
 0.9670
 0.8374
 1.0547
 0.9701
 0.9673
 1.2035
 0.9278
 0.9990
 1.0516
 1.1389
 0.9625
 1.1579
 1.2289
 0.9014
 1.0819
 1.0102
 0.9799
 1.1987
 0.8352
 0.9232
 1.0806
 1.1009
 0.8858
 1.0136
 0.8087
 1.0166
 1.0969
 0.9983
 1.1224
 1.0037
 1.0092
 0.9326
 0.9373
 1.1114
 0.9155
 1.0782
 1.0277
 0.9499
 1.1331
 1.1216
 1.0114
 1.0063
 0.9997
 0.9287
 1.1331
 0.8851
 1.2969
 1.1649
 1.1121
 0.9235
 1.2401
 1.0906
 1.0189
 0.9933
 1.0583
 0.9658
 1.3065
 1.0026
 1.0486
 0.8250
 1.0207
 1.0170
 0.9796
 1.1104
 0.9603
 0.9322
 1.1052
 0.9533
 0.7607
 0.8171
 1.0772
 1.1712
 1.0496
 1.1752
 1.1135
 1.0288
 0.8004
 0.8280
 1.0176
 0.9494
 1.0579
 1.1237
 1.3724
 0.9119
 0.7895
 1.1022
 1.0183
 1.0302
 1.0613
 0.8593
 0.8332
 1.0744
 0.9938
 0.9906
 0.9461
 0.9430
 1.0230
 0.9109
 0.9766
 1.2478
 0.9574
 1.2367
 0.9186
 0.9571
 1.1030
 1.0265
 0.9394
 1.0752
 1.0526
 0.9076
 1.0070
 1.0109
 1.2978
 0.8557
 0.9896
 1.0135
 1.3063
 0.9006
 0.8919
 1.0364
 0.9817
 1.0532
 1.0365
 1.2307
 0.9194
 1.0237
 1.1617
 0.9500
 0.9832
 0.9103
 0.9729
 1.0915
 1.3084
 0.8401
 1.0511
 1.1617
 1.2673
 1.2181
 1.0466
 0.8448
 0.8225
 1.0820
 1.1215
 0.9446
 1.0403
 1.0869
 1.0617
 0.8511
 1.0801
 1.1052
 1.1112
 1.1194
 1.0974
 0.8698
 0.9177
 0.9733
 1.1823
 0.8070
 0.9483
 0.9199
 1.0791
 1.1131
 0.9015
 1.0345
 0.9664
 0.9380
 0.9517
 1.1380
 1.0612
 1.0115
 1.0098
 0.9985
 1.0630
 1.0615
 0.9956
 0.9462
 1.1884
 1.2621
 0.8639
 0.8859
 1.1174
 0.8312
 0.8966
 0.8748
 1.1666
 0.9974
 1.2404
 0.8325
 0.7583
 0.9687
 0.7844
 1.1011
 1.4275
 1.3056
 1.0141
 0.9274
 0.8714
 1.0108
 1.0796
 1.0311
 1.0082
 1.0921
 1.0167
 1.0635
 0.9498
 0.8973
 1.0261
 0.9840
 0.9816
 1.1088
 1.0376
 1.2482
 1.1418
 1.0186
 0.9417
 1.1111
 1.1967
 1.1585
 0.8784
 1.0214
 1.1282
 0.8868
 1.0674
 1.0031
 0.9382
 1.3053
 1.2256
 0.9561
 0.8907
 0.9608
 0.9988
 1.0266
 1.0072
 0.9809
 0.9825
 1.0296
 0.9164
 1.3916
 0.9451
 1.1836
 0.8892
 1.2006
 1.1027
 1.0590
 1.0294
 1.1331
 0.9773
 1.0378
 1.0465
 1.0304
 0.9887
 0.9453
 1.0445
 1.0601
 0.9792
 0.9132
 0.8796
 1.0310
 0.9470
 1.2198
 1.1109
 0.8918
 0.8718
 1.0044
 1.0824
 1.0293
 1.0548
 1.1131
 0.7826
 0.7328
 1.3648
 1.0740
 0.9478
 1.0633
 1.0649
 1.1766
 1.1334
 1.0002
 0.8220
 1.0034
 1.0779
 0.8932
 0.8118
 0.9131
 0.7691
 1.1067
 1.0660
 0.9451
 0.9397
 1.1086
 0.9247
 1.0760
 0.7878
 1.3084
 0.9434
 0.9874
 1.1119
 1.0212
 0.9432
 0.8131
 0.9869
 1.1098
 0.9691
 0.9656
 1.1729
 0.9635
 0.9867
 1.0435
 0.9179
 1.2211
 1.0308
 1.0345
 1.0357
 1.1451
 1.0126
 1.0846
 0.8322
 0.8307
 0.9557
 0.9976
 0.9734
 1.2881
 0.9607
 0.9420
 1.2609
 0.9819
 1.2109
 0.9085
 0.9400
 0.9437
 1.1518
 1.1283
 0.9734
 0.8028
 1.0610
 0.9817
 1.3609
 0.9919
 0.9531
 1.0586
 0.9645
 1.0251
 1.3794
 1.1441
 1.0819
 0.9404
 1.2491
 0.9593
 0.9464
 0.9271
 1.0131
 1.0374
 0.9556
 0.9754
 1.0476
 1.0316
 1.0050
 1.0503
 0.8678
 1.0239
 1.0247
 1.0072
 1.2550
 0.9980
 0.9173
 0.9241
 1.1637
 1.0404
 1.0142
 1.0765
 1.1610
 0.9915
 0.8960
 0.9141
 0.9383
 0.9513
 1.2959
 1.2307
 1.0576
 0.8242
 1.0770
 1.2437
 1.0807
 0.8196
 1.0422
 1.2377
 1.0037
 1.4621
 1.0337
 0.8884
 1.1453
 0.9545
 1.1550
 0.8940
 0.9226
 0.9382
 0.8386
 1.1393
 1.3251
 0.9272
 0.9144
 0.9226
 0.9977
 0.8665
 0.9635
 0.8660
 1.1705
 0.9400
 1.0516
 0.9625
 1.0175
 1.1676
 0.9883
 0.7343
 0.8591
 1.1525
 1.1826
 1.1415
 1.1293
 0.9260
 1.0108
 1.1765
 0.9525
 1.1658
 0.9033
 0.8960
 0.9142
 1.2850
 1.0124
 0.9716
 1.0898
 0.9282
 0.9692
 1.0127
 0.8995
 1.1551
 1.1002
 1.0547
 1.3403
 0.9642
 0.8485
 1.1042
 1.0033
 1.0286
 1.0080
 1.1795
 0.8655
 1.1418
 1.1489
 0.7540
 0.9008
 1.5127
 1.0254
 1.0640
 1.2213
 0.9922
 0.9679
 0.9885
 1.0620
 0.9097
 0.9309
 1.1567
 0.9691
 1.0486
 0.8308
 1.2744
 0.9643
 0.8895
 1.0566
 1.1441
 1.1814
 1.1547
 1.1858
 1.1507
 1.0426
 1.1413
 1.0614
 1.3041
 1.2009
 0.9040
 0.9877
 0.9753
 0.9188
 0.9927
 0.8918
 1.3379
 1.1115
 1.0867
 1.0561
 1.1019
 1.0992
 1.2861
 0.9994
 0.9813
 0.8346
 1.0514
 1.0823
 1.3162
 1.2618
 1.1604
 1.1628
 1.0595
 1.0325
 1.2349
 1.1882
 1.0740
 1.0435
 0.8011
 0.9823
 0.9374
 0.8879
 1.0216
 1.0343
 1.0233
 0.9489
 0.9978
 0.9250
 0.9711
 0.9084
 0.9029
 1.0087
 1.0306
 1.1987
 1.1550
 0.9532
 0.9551
 0.7615
 0.9011
 1.0842
 0.9852
 0.9019
 1.0709
 0.9567
 0.9880
 1.0725
 1.0409
 0.9018
 0.9943
 0.9585
 0.8740
 0.9565
 0.8822
 0.9854
 1.0006
 0.9846
 0.9562
 1.1960
 1.0755
 0.8658
 0.8811
 1.0151
 0.9165
 0.8974
 1.0453
 1.2680
 1.0308
 1.0311
 0.9776
 1.0353
 0.9891
 1.0582
 0.9772
 0.9183
 1.0723
 1.1037
 0.9556
 1.0846
 0.8966
 1.0886
 0.9480
 1.2710
 1.0169
 1.1021
 1.0234
 0.9680
 1.0626
 0.8751
 0.9805
 0.9854
 0.8483
 1.1559
 1.0713
 0.9239
 0.9877
 0.9029
 0.8715
 0.8329
 1.0570
 1.0403
 1.1467
 0.9280
 1.1021
 1.3382
[torch.CudaTensor of size 1000]

