--2016-04-17 23:43:26--  http://upload.wikimedia.org/wikipedia/commons/e/e9/Goldfish3.jpg
Resolving upload.wikimedia.org... 208.80.153.240, 2620:0:860:ed1a::2:b
Connecting to upload.wikimedia.org|208.80.153.240|:80... connected.
HTTP request sent, awaiting response... 301 TLS Redirect
Location: https://upload.wikimedia.org/wikipedia/commons/e/e9/Goldfish3.jpg [following]
--2016-04-17 23:43:26--  https://upload.wikimedia.org/wikipedia/commons/e/e9/Goldfish3.jpg
Connecting to upload.wikimedia.org|208.80.153.240|:443... connected.
HTTP request sent, awaiting response... 200 OK
Length: 560797 (548K) [image/jpeg]
Saving to: “Goldfish3.jpg”

     0K .......... .......... .......... .......... ..........  9% 2.51M 0s
    50K .......... .......... .......... .......... .......... 18% 4.43M 0s
   100K .......... .......... .......... .......... .......... 27% 4.62M 0s
   150K .......... .......... .......... .......... .......... 36% 4.60M 0s
   200K .......... .......... .......... .......... .......... 45% 4.77M 0s
   250K .......... .......... .......... .......... .......... 54% 4.74M 0s
   300K .......... .......... .......... .......... .......... 63% 5.23M 0s
   350K .......... .......... .......... .......... .......... 73% 24.5M 0s
   400K .......... .......... .......... .......... .......... 82% 5.65M 0s
   450K .......... .......... .......... .......... .......... 91% 25.0M 0s
   500K .......... .......... .......... .......... .......   100% 5.06M=0.1s

2016-04-17 23:43:26 (5.18 MB/s) - “Goldfish3.jpg” saved [560797/560797]

--2016-04-17 23:43:26--  https://www.dropbox.com/s/npmr5egvjbg7ovb/nin_nobn_final.t7
Resolving www.dropbox.com... 108.160.172.206
Connecting to www.dropbox.com|108.160.172.206|:443... connected.
HTTP request sent, awaiting response... 302 FOUND
Location: https://dl.dropboxusercontent.com/content_link/tJ8SXad9kT0xfT4ynJahpPSzTK1yKDuba1Z7y75C7dprxD5cR38Apvnz5T3FJdxi/file [following]
--2016-04-17 23:43:27--  https://dl.dropboxusercontent.com/content_link/tJ8SXad9kT0xfT4ynJahpPSzTK1yKDuba1Z7y75C7dprxD5cR38Apvnz5T3FJdxi/file
Resolving dl.dropboxusercontent.com... 45.58.75.133
Connecting to dl.dropboxusercontent.com|45.58.75.133|:443... connected.
HTTP request sent, awaiting response... 200 OK
Length: 34668629 (33M) [text/plain]
Saving to: “nin_nobn_final.t7”

     0K .......... .......... .......... .......... ..........  0% 7.95M 4s
    50K .......... .......... .......... .......... ..........  0% 6.13M 5s
   100K .......... .......... .......... .......... ..........  0% 6.31M 5s
   150K .......... .......... .......... .......... ..........  0%  225K 41s
   200K .......... .......... .......... .......... ..........  0% 6.86M 34s
   250K .......... .......... .......... .......... ..........  0% 49.3M 28s
   300K .......... .......... .......... .......... ..........  1% 6.74M 25s
   350K .......... .......... .......... .......... ..........  1% 38.6M 22s
   400K .......... .......... .......... .......... ..........  1% 7.75M 20s
   450K .......... .......... .......... .......... ..........  1% 48.9M 18s
   500K .......... .......... .......... .......... ..........  1% 53.3M 16s
   550K .......... .......... .......... .......... ..........  1% 8.27M 15s
   600K .......... .......... .......... .......... ..........  1% 49.4M 14s
   650K .......... .......... .......... .......... ..........  2% 54.0M 13s
   700K .......... .......... .......... .......... ..........  2% 9.06M 12s
   750K .......... .......... .......... .......... ..........  2% 39.3M 12s
   800K .......... .......... .......... .......... ..........  2% 49.3M 11s
   850K .......... .......... .......... .......... ..........  2% 54.9M 10s
   900K .......... .......... .......... .......... ..........  2% 10.3M 10s
   950K .......... .......... .......... .......... ..........  2% 52.4M 10s
  1000K .......... .......... .......... .......... ..........  3% 7.79M 9s
  1050K .......... .......... .......... .......... ..........  3% 49.7M 9s
  1100K .......... .......... .......... .......... ..........  3% 53.3M 8s
  1150K .......... .......... .......... .......... ..........  3% 38.2M 8s
  1200K .......... .......... .......... .......... ..........  3% 53.0M 8s
  1250K .......... .......... .......... .......... ..........  3% 55.6M 8s
  1300K .......... .......... .......... .......... ..........  3% 55.3M 7s
  1350K .......... .......... .......... .......... ..........  4% 55.8M 7s
  1400K .......... .......... .......... .......... ..........  4% 43.8M 7s
  1450K .......... .......... .......... .......... ..........  4% 50.7M 7s
  1500K .......... .......... .......... .......... ..........  4% 53.4M 6s
  1550K .......... .......... .......... .......... ..........  4% 37.9M 6s
  1600K .......... .......... .......... .......... ..........  4% 54.7M 6s
  1650K .......... .......... .......... .......... ..........  5% 55.5M 6s
  1700K .......... .......... .......... .......... ..........  5% 13.6M 6s
  1750K .......... .......... .......... .......... ..........  5% 50.2M 6s
  1800K .......... .......... .......... .......... ..........  5% 51.0M 5s
  1850K .......... .......... .......... .......... ..........  5% 50.6M 5s
  1900K .......... .......... .......... .......... ..........  5% 55.3M 5s
  1950K .......... .......... .......... .......... ..........  5% 42.4M 5s
  2000K .......... .......... .......... .......... ..........  6% 51.7M 5s
  2050K .......... .......... .......... .......... ..........  6% 9.04M 5s
  2100K .......... .......... .......... .......... ..........  6% 55.3M 5s
  2150K .......... .......... .......... .......... ..........  6% 55.0M 5s
  2200K .......... .......... .......... .......... ..........  6% 56.1M 5s
  2250K .......... .......... .......... .......... ..........  6% 55.1M 5s
  2300K .......... .......... .......... .......... ..........  6% 49.8M 4s
  2350K .......... .......... .......... .......... ..........  7% 38.3M 4s
  2400K .......... .......... .......... .......... ..........  7% 49.8M 4s
  2450K .......... .......... .......... .......... ..........  7% 49.4M 4s
  2500K .......... .......... .......... .......... ..........  7% 52.7M 4s
  2550K .......... .......... .......... .......... ..........  7% 55.6M 4s
  2600K .......... .......... .......... .......... ..........  7% 56.2M 4s
  2650K .......... .......... .......... .......... ..........  7% 53.0M 4s
  2700K .......... .......... .......... .......... ..........  8% 52.3M 4s
  2750K .......... .......... .......... .......... ..........  8% 37.4M 4s
  2800K .......... .......... .......... .......... ..........  8% 50.4M 4s
  2850K .......... .......... .......... .......... ..........  8% 49.7M 4s
  2900K .......... .......... .......... .......... ..........  8% 50.0M 4s
  2950K .......... .......... .......... .......... ..........  8% 53.2M 4s
  3000K .......... .......... .......... .......... ..........  9% 55.7M 3s
  3050K .......... .......... .......... .......... ..........  9% 9.61M 3s
  3100K .......... .......... .......... .......... ..........  9% 51.3M 3s
  3150K .......... .......... .......... .......... ..........  9% 42.0M 3s
  3200K .......... .......... .......... .......... ..........  9% 54.6M 3s
  3250K .......... .......... .......... .......... ..........  9% 51.1M 3s
  3300K .......... .......... .......... .......... ..........  9% 51.5M 3s
  3350K .......... .......... .......... .......... .......... 10% 54.8M 3s
  3400K .......... .......... .......... .......... .......... 10% 55.4M 3s
  3450K .......... .......... .......... .......... .......... 10% 54.7M 3s
  3500K .......... .......... .......... .......... .......... 10% 49.8M 3s
  3550K .......... .......... .......... .......... .......... 10% 41.0M 3s
  3600K .......... .......... .......... .......... .......... 10% 54.6M 3s
  3650K .......... .......... .......... .......... .......... 10% 50.3M 3s
  3700K .......... .......... .......... .......... .......... 11% 49.4M 3s
  3750K .......... .......... .......... .......... .......... 11% 54.0M 3s
  3800K .......... .......... .......... .......... .......... 11% 55.7M 3s
  3850K .......... .......... .......... .......... .......... 11% 54.3M 3s
  3900K .......... .......... .......... .......... .......... 11% 51.5M 3s
  3950K .......... .......... .......... .......... .......... 11% 38.5M 3s
  4000K .......... .......... .......... .......... .......... 11% 55.1M 3s
  4050K .......... .......... .......... .......... .......... 12% 46.0M 3s
  4100K .......... .......... .......... .......... .......... 12% 8.74M 3s
  4150K .......... .......... .......... .......... .......... 12% 49.1M 3s
  4200K .......... .......... .......... .......... .......... 12% 54.2M 3s
  4250K .......... .......... .......... .......... .......... 12% 51.2M 3s
  4300K .......... .......... .......... .......... .......... 12% 54.9M 3s
  4350K .......... .......... .......... .......... .......... 12% 42.3M 3s
  4400K .......... .......... .......... .......... .......... 13% 54.9M 3s
  4450K .......... .......... .......... .......... .......... 13% 55.3M 2s
  4500K .......... .......... .......... .......... .......... 13% 51.1M 2s
  4550K .......... .......... .......... .......... .......... 13% 51.5M 2s
  4600K .......... .......... .......... .......... .......... 13% 51.6M 2s
  4650K .......... .......... .......... .......... .......... 13% 51.5M 2s
  4700K .......... .......... .......... .......... .......... 14% 52.8M 2s
  4750K .......... .......... .......... .......... .......... 14% 41.8M 2s
  4800K .......... .......... .......... .......... .......... 14% 55.0M 2s
  4850K .......... .......... .......... .......... .......... 14% 54.5M 2s
  4900K .......... .......... .......... .......... .......... 14% 51.8M 2s
  4950K .......... .......... .......... .......... .......... 14% 49.6M 2s
  5000K .......... .......... .......... .......... .......... 14% 49.3M 2s
  5050K .......... .......... .......... .......... .......... 15% 49.0M 2s
  5100K .......... .......... .......... .......... .......... 15% 10.3M 2s
  5150K .......... .......... .......... .......... .......... 15% 36.6M 2s
  5200K .......... .......... .......... .......... .......... 15% 49.6M 2s
  5250K .......... .......... .......... .......... .......... 15% 50.6M 2s
  5300K .......... .......... .......... .......... .......... 15% 54.0M 2s
  5350K .......... .......... .......... .......... .......... 15% 55.3M 2s
  5400K .......... .......... .......... .......... .......... 16% 55.9M 2s
  5450K .......... .......... .......... .......... .......... 16% 55.1M 2s
  5500K .......... .......... .......... .......... .......... 16% 51.7M 2s
  5550K .......... .......... .......... .......... .......... 16% 39.8M 2s
  5600K .......... .......... .......... .......... .......... 16% 50.8M 2s
  5650K .......... .......... .......... .......... .......... 16% 52.8M 2s
  5700K .......... .......... .......... .......... .......... 16% 47.8M 2s
  5750K .......... .......... .......... .......... .......... 17% 55.1M 2s
  5800K .......... .......... .......... .......... .......... 17% 53.5M 2s
  5850K .......... .......... .......... .......... .......... 17% 54.9M 2s
  5900K .......... .......... .......... .......... .......... 17% 48.7M 2s
  5950K .......... .......... .......... .......... .......... 17% 36.3M 2s
  6000K .......... .......... .......... .......... .......... 17% 50.1M 2s
  6050K .......... .......... .......... .......... .......... 18% 52.4M 2s
  6100K .......... .......... .......... .......... .......... 18% 48.1M 2s
  6150K .......... .......... .......... .......... .......... 18% 10.3M 2s
  6200K .......... .......... .......... .......... .......... 18% 49.1M 2s
  6250K .......... .......... .......... .......... .......... 18% 53.1M 2s
  6300K .......... .......... .......... .......... .......... 18% 51.4M 2s
  6350K .......... .......... .......... .......... .......... 18% 42.3M 2s
  6400K .......... .......... .......... .......... .......... 19% 53.0M 2s
  6450K .......... .......... .......... .......... .......... 19% 55.0M 2s
  6500K .......... .......... .......... .......... .......... 19% 55.1M 2s
  6550K .......... .......... .......... .......... .......... 19% 50.3M 2s
  6600K .......... .......... .......... .......... .......... 19% 49.8M 2s
  6650K .......... .......... .......... .......... .......... 19% 51.9M 2s
  6700K .......... .......... .......... .......... .......... 19% 52.3M 2s
  6750K .......... .......... .......... .......... .......... 20% 41.3M 2s
  6800K .......... .......... .......... .......... .......... 20% 55.3M 2s
  6850K .......... .......... .......... .......... .......... 20% 55.2M 2s
  6900K .......... .......... .......... .......... .......... 20% 55.0M 2s
  6950K .......... .......... .......... .......... .......... 20% 51.1M 2s
  7000K .......... .......... .......... .......... .......... 20% 51.3M 2s
  7050K .......... .......... .......... .......... .......... 20% 48.4M 2s
  7100K .......... .......... .......... .......... .......... 21% 51.0M 2s
  7150K .......... .......... .......... .......... .......... 21% 9.32M 2s
  7200K .......... .......... .......... .......... .......... 21% 49.9M 2s
  7250K .......... .......... .......... .......... .......... 21% 50.2M 2s
  7300K .......... .......... .......... .......... .......... 21% 50.0M 2s
  7350K .......... .......... .......... .......... .......... 21% 55.2M 2s
  7400K .......... .......... .......... .......... .......... 22% 55.9M 2s
  7450K .......... .......... .......... .......... .......... 22% 55.6M 2s
  7500K .......... .......... .......... .......... .......... 22% 55.5M 2s
  7550K .......... .......... .......... .......... .......... 22% 40.2M 2s
  7600K .......... .......... .......... .......... .......... 22% 51.5M 2s
  7650K .......... .......... .......... .......... .......... 22% 52.1M 2s
  7700K .......... .......... .......... .......... .......... 22% 51.6M 2s
  7750K .......... .......... .......... .......... .......... 23% 55.1M 2s
  7800K .......... .......... .......... .......... .......... 23% 56.0M 2s
  7850K .......... .......... .......... .......... .......... 23% 55.4M 2s
  7900K .......... .......... .......... .......... .......... 23% 55.5M 1s
  7950K .......... .......... .......... .......... .......... 23% 40.0M 1s
  8000K .......... .......... .......... .......... .......... 23% 49.7M 1s
  8050K .......... .......... .......... .......... .......... 23% 50.4M 1s
  8100K .......... .......... .......... .......... .......... 24% 50.4M 1s
  8150K .......... .......... .......... .......... .......... 24% 50.1M 1s
  8200K .......... .......... .......... .......... .......... 24% 11.4M 1s
  8250K .......... .......... .......... .......... .......... 24% 50.2M 1s
  8300K .......... .......... .......... .......... .......... 24% 50.4M 1s
  8350K .......... .......... .......... .......... .......... 24% 41.0M 1s
  8400K .......... .......... .......... .......... .......... 24% 55.3M 1s
  8450K .......... .......... .......... .......... .......... 25% 55.3M 1s
  8500K .......... .......... .......... .......... .......... 25% 55.2M 1s
  8550K .......... .......... .......... .......... .......... 25% 55.3M 1s
  8600K .......... .......... .......... .......... .......... 25% 50.6M 1s
  8650K .......... .......... .......... .......... .......... 25% 50.7M 1s
  8700K .......... .......... .......... .......... .......... 25% 51.2M 1s
  8750K .......... .......... .......... .......... .......... 25% 41.9M 1s
  8800K .......... .......... .......... .......... .......... 26% 55.5M 1s
  8850K .......... .......... .......... .......... .......... 26% 55.4M 1s
  8900K .......... .......... .......... .......... .......... 26% 55.8M 1s
  8950K .......... .......... .......... .......... .......... 26% 55.2M 1s
  9000K .......... .......... .......... .......... .......... 26% 50.8M 1s
  9050K .......... .......... .......... .......... .......... 26% 50.3M 1s
  9100K .......... .......... .......... .......... .......... 27% 50.1M 1s
  9150K .......... .......... .......... .......... .......... 27% 40.3M 1s
  9200K .......... .......... .......... .......... .......... 27% 11.3M 1s
  9250K .......... .......... .......... .......... .......... 27% 49.3M 1s
  9300K .......... .......... .......... .......... .......... 27% 49.9M 1s
  9350K .......... .......... .......... .......... .......... 27% 49.2M 1s
  9400K .......... .......... .......... .......... .......... 27% 55.7M 1s
  9450K .......... .......... .......... .......... .......... 28% 55.4M 1s
  9500K .......... .......... .......... .......... .......... 28% 55.1M 1s
  9550K .......... .......... .......... .......... .......... 28% 42.6M 1s
  9600K .......... .......... .......... .......... .......... 28% 50.2M 1s
  9650K .......... .......... .......... .......... .......... 28% 53.2M 1s
  9700K .......... .......... .......... .......... .......... 28% 51.4M 1s
  9750K .......... .......... .......... .......... .......... 28% 51.7M 1s
  9800K .......... .......... .......... .......... .......... 29% 56.3M 1s
  9850K .......... .......... .......... .......... .......... 29% 55.6M 1s
  9900K .......... .......... .......... .......... .......... 29% 55.5M 1s
  9950K .......... .......... .......... .......... .......... 29% 42.5M 1s
 10000K .......... .......... .......... .......... .......... 29% 52.2M 1s
 10050K .......... .......... .......... .......... .......... 29% 50.4M 1s
 10100K .......... .......... .......... .......... .......... 29% 48.5M 1s
 10150K .......... .......... .......... .......... .......... 30% 50.0M 1s
 10200K .......... .......... .......... .......... .......... 30% 51.0M 1s
 10250K .......... .......... .......... .......... .......... 30% 9.35M 1s
 10300K .......... .......... .......... .......... .......... 30% 50.1M 1s
 10350K .......... .......... .......... .......... .......... 30% 38.8M 1s
 10400K .......... .......... .......... .......... .......... 30% 53.0M 1s
 10450K .......... .......... .......... .......... .......... 31% 55.7M 1s
 10500K .......... .......... .......... .......... .......... 31% 55.1M 1s
 10550K .......... .......... .......... .......... .......... 31% 55.5M 1s
 10600K .......... .......... .......... .......... .......... 31% 56.2M 1s
 10650K .......... .......... .......... .......... .......... 31% 52.2M 1s
 10700K .......... .......... .......... .......... .......... 31% 51.2M 1s
 10750K .......... .......... .......... .......... .......... 31% 39.8M 1s
 10800K .......... .......... .......... .......... .......... 32% 55.5M 1s
 10850K .......... .......... .......... .......... .......... 32% 55.5M 1s
 10900K .......... .......... .......... .......... .......... 32% 55.2M 1s
 10950K .......... .......... .......... .......... .......... 32% 55.4M 1s
 11000K .......... .......... .......... .......... .......... 32% 55.9M 1s
 11050K .......... .......... .......... .......... .......... 32% 53.3M 1s
 11100K .......... .......... .......... .......... .......... 32% 50.1M 1s
 11150K .......... .......... .......... .......... .......... 33% 38.3M 1s
 11200K .......... .......... .......... .......... .......... 33% 51.1M 1s
 11250K .......... .......... .......... .......... .......... 33% 8.91M 1s
 11300K .......... .......... .......... .......... .......... 33% 50.3M 1s
 11350K .......... .......... .......... .......... .......... 33% 49.8M 1s
 11400K .......... .......... .......... .......... .......... 33% 50.6M 1s
 11450K .......... .......... .......... .......... .......... 33% 55.4M 1s
 11500K .......... .......... .......... .......... .......... 34% 55.2M 1s
 11550K .......... .......... .......... .......... .......... 34% 42.6M 1s
 11600K .......... .......... .......... .......... .......... 34% 55.3M 1s
 11650K .......... .......... .......... .......... .......... 34% 53.4M 1s
 11700K .......... .......... .......... .......... .......... 34% 53.1M 1s
 11750K .......... .......... .......... .......... .......... 34% 50.5M 1s
 11800K .......... .......... .......... .......... .......... 35% 52.3M 1s
 11850K .......... .......... .......... .......... .......... 35% 54.2M 1s
 11900K .......... .......... .......... .......... .......... 35% 54.7M 1s
 11950K .......... .......... .......... .......... .......... 35% 42.5M 1s
 12000K .......... .......... .......... .......... .......... 35% 55.4M 1s
 12050K .......... .......... .......... .......... .......... 35% 53.9M 1s
 12100K .......... .......... .......... .......... .......... 35% 50.7M 1s
 12150K .......... .......... .......... .......... .......... 36% 48.4M 1s
 12200K .......... .......... .......... .......... .......... 36% 51.8M 1s
 12250K .......... .......... .......... .......... .......... 36% 47.3M 1s
 12300K .......... .......... .......... .......... .......... 36% 9.16M 1s
 12350K .......... .......... .......... .......... .......... 36% 38.6M 1s
 12400K .......... .......... .......... .......... .......... 36% 52.5M 1s
 12450K .......... .......... .......... .......... .......... 36% 55.1M 1s
 12500K .......... .......... .......... .......... .......... 37% 54.8M 1s
 12550K .......... .......... .......... .......... .......... 37% 55.2M 1s
 12600K .......... .......... .......... .......... .......... 37% 55.7M 1s
 12650K .......... .......... .......... .......... .......... 37% 55.1M 1s
 12700K .......... .......... .......... .......... .......... 37% 51.2M 1s
 12750K .......... .......... .......... .......... .......... 37% 40.7M 1s
 12800K .......... .......... .......... .......... .......... 37% 51.4M 1s
 12850K .......... .......... .......... .......... .......... 38% 54.7M 1s
 12900K .......... .......... .......... .......... .......... 38% 55.2M 1s
 12950K .......... .......... .......... .......... .......... 38% 55.6M 1s
 13000K .......... .......... .......... .......... .......... 38% 55.7M 1s
 13050K .......... .......... .......... .......... .......... 38% 55.1M 1s
 13100K .......... .......... .......... .......... .......... 38% 51.6M 1s
 13150K .......... .......... .......... .......... .......... 38% 38.8M 1s
 13200K .......... .......... .......... .......... .......... 39% 50.5M 1s
 13250K .......... .......... .......... .......... .......... 39% 50.9M 1s
 13300K .......... .......... .......... .......... .......... 39% 9.62M 1s
 13350K .......... .......... .......... .......... .......... 39% 50.1M 1s
 13400K .......... .......... .......... .......... .......... 39% 51.0M 1s
 13450K .......... .......... .......... .......... .......... 39% 49.1M 1s
 13500K .......... .......... .......... .......... .......... 40% 50.8M 1s
 13550K .......... .......... .......... .......... .......... 40% 42.5M 1s
 13600K .......... .......... .......... .......... .......... 40% 55.0M 1s
 13650K .......... .......... .......... .......... .......... 40% 55.2M 1s
 13700K .......... .......... .......... .......... .......... 40% 52.1M 1s
 13750K .......... .......... .......... .......... .......... 40% 52.8M 1s
 13800K .......... .......... .......... .......... .......... 40% 52.1M 1s
 13850K .......... .......... .......... .......... .......... 41% 52.1M 1s
 13900K .......... .......... .......... .......... .......... 41% 49.9M 1s
 13950K .......... .......... .......... .......... .......... 41% 42.1M 1s
 14000K .......... .......... .......... .......... .......... 41% 55.1M 1s
 14050K .......... .......... .......... .......... .......... 41% 55.0M 1s
 14100K .......... .......... .......... .......... .......... 41% 52.4M 1s
 14150K .......... .......... .......... .......... .......... 41% 50.0M 1s
 14200K .......... .......... .......... .......... .......... 42% 51.2M 1s
 14250K .......... .......... .......... .......... .......... 42% 51.7M 1s
 14300K .......... .......... .......... .......... .......... 42% 47.6M 1s
 14350K .......... .......... .......... .......... .......... 42% 11.2M 1s
 14400K .......... .......... .......... .......... .......... 42% 49.6M 1s
 14450K .......... .......... .......... .......... .......... 42% 50.6M 1s
 14500K .......... .......... .......... .......... .......... 42% 52.2M 1s
 14550K .......... .......... .......... .......... .......... 43% 54.2M 1s
 14600K .......... .......... .......... .......... .......... 43% 55.5M 1s
 14650K .......... .......... .......... .......... .......... 43% 55.4M 1s
 14700K .......... .......... .......... .......... .......... 43% 55.4M 1s
 14750K .......... .......... .......... .......... .......... 43% 39.8M 1s
 14800K .......... .......... .......... .......... .......... 43% 51.0M 1s
 14850K .......... .......... .......... .......... .......... 44% 52.2M 1s
 14900K .......... .......... .......... .......... .......... 44% 52.5M 1s
 14950K .......... .......... .......... .......... .......... 44% 53.2M 1s
 15000K .......... .......... .......... .......... .......... 44% 56.2M 1s
 15050K .......... .......... .......... .......... .......... 44% 55.2M 1s
 15100K .......... .......... .......... .......... .......... 44% 55.3M 1s
 15150K .......... .......... .......... .......... .......... 44% 38.8M 1s
 15200K .......... .......... .......... .......... .......... 45% 50.1M 1s
 15250K .......... .......... .......... .......... .......... 45% 50.6M 1s
 15300K .......... .......... .......... .......... .......... 45% 53.7M 1s
 15350K .......... .......... .......... .......... .......... 45% 11.1M 1s
 15400K .......... .......... .......... .......... .......... 45% 50.5M 1s
 15450K .......... .......... .......... .......... .......... 45% 50.4M 1s
 15500K .......... .......... .......... .......... .......... 45% 50.9M 1s
 15550K .......... .......... .......... .......... .......... 46% 40.5M 1s
 15600K .......... .......... .......... .......... .......... 46% 52.6M 1s
 15650K .......... .......... .......... .......... .......... 46% 55.2M 1s
 15700K .......... .......... .......... .......... .......... 46% 55.9M 1s
 15750K .......... .......... .......... .......... .......... 46% 55.3M 1s
 15800K .......... .......... .......... .......... .......... 46% 53.9M 1s
 15850K .......... .......... .......... .......... .......... 46% 52.1M 1s
 15900K .......... .......... .......... .......... .......... 47% 51.6M 1s
 15950K .......... .......... .......... .......... .......... 47% 39.8M 1s
 16000K .......... .......... .......... .......... .......... 47% 52.6M 1s
 16050K .......... .......... .......... .......... .......... 47% 55.5M 1s
 16100K .......... .......... .......... .......... .......... 47% 55.6M 1s
 16150K .......... .......... .......... .......... .......... 47% 55.3M 1s
 16200K .......... .......... .......... .......... .......... 47% 56.5M 1s
 16250K .......... .......... .......... .......... .......... 48% 50.5M 1s
 16300K .......... .......... .......... .......... .......... 48% 50.0M 1s
 16350K .......... .......... .......... .......... .......... 48% 8.82M 1s
 16400K .......... .......... .......... .......... .......... 48% 51.9M 1s
 16450K .......... .......... .......... .......... .......... 48% 50.0M 1s
 16500K .......... .......... .......... .......... .......... 48% 48.7M 1s
 16550K .......... .......... .......... .......... .......... 49% 50.5M 1s
 16600K .......... .......... .......... .......... .......... 49% 55.9M 1s
 16650K .......... .......... .......... .......... .......... 49% 55.4M 1s
 16700K .......... .......... .......... .......... .......... 49% 55.4M 1s
 16750K .......... .......... .......... .......... .......... 49% 42.4M 1s
 16800K .......... .......... .......... .......... .......... 49% 53.5M 1s
 16850K .......... .......... .......... .......... .......... 49% 52.8M 1s
 16900K .......... .......... .......... .......... .......... 50% 50.4M 1s
 16950K .......... .......... .......... .......... .......... 50% 37.8M 1s
 17000K .......... .......... .......... .......... .......... 50% 56.2M 1s
 17050K .......... .......... .......... .......... .......... 50% 55.3M 1s
 17100K .......... .......... .......... .......... .......... 50% 55.5M 1s
 17150K .......... .......... .......... .......... .......... 50% 42.4M 1s
 17200K .......... .......... .......... .......... .......... 50% 53.8M 1s
 17250K .......... .......... .......... .......... .......... 51% 50.9M 1s
 17300K .......... .......... .......... .......... .......... 51% 49.7M 1s
 17350K .......... .......... .......... .......... .......... 51% 50.4M 1s
 17400K .......... .......... .......... .......... .......... 51% 10.2M 1s
 17450K .......... .......... .......... .......... .......... 51% 49.9M 1s
 17500K .......... .......... .......... .......... .......... 51% 50.3M 1s
 17550K .......... .......... .......... .......... .......... 51% 38.4M 1s
 17600K .......... .......... .......... .......... .......... 52% 52.4M 1s
 17650K .......... .......... .......... .......... .......... 52% 55.4M 1s
 17700K .......... .......... .......... .......... .......... 52% 55.2M 1s
 17750K .......... .......... .......... .......... .......... 52% 55.3M 1s
 17800K .......... .......... .......... .......... .......... 52% 56.0M 1s
 17850K .......... .......... .......... .......... .......... 52% 51.1M 1s
 17900K .......... .......... .......... .......... .......... 53% 53.0M 1s
 17950K .......... .......... .......... .......... .......... 53% 39.6M 1s
 18000K .......... .......... .......... .......... .......... 53% 51.1M 1s
 18050K .......... .......... .......... .......... .......... 53% 55.5M 1s
 18100K .......... .......... .......... .......... .......... 53% 55.3M 1s
 18150K .......... .......... .......... .......... .......... 53% 55.5M 1s
 18200K .......... .......... .......... .......... .......... 53% 56.4M 1s
 18250K .......... .......... .......... .......... .......... 54% 51.3M 1s
 18300K .......... .......... .......... .......... .......... 54% 50.2M 1s
 18350K .......... .......... .......... .......... .......... 54% 38.7M 1s
 18400K .......... .......... .......... .......... .......... 54% 9.02M 1s
 18450K .......... .......... .......... .......... .......... 54% 49.4M 1s
 18500K .......... .......... .......... .......... .......... 54% 49.4M 1s
 18550K .......... .......... .......... .......... .......... 54% 50.4M 1s
 18600K .......... .......... .......... .......... .......... 55% 51.5M 1s
 18650K .......... .......... .......... .......... .......... 55% 55.5M 1s
 18700K .......... .......... .......... .......... .......... 55% 55.5M 1s
 18750K .......... .......... .......... .......... .......... 55% 42.5M 1s
 18800K .......... .......... .......... .......... .......... 55% 53.3M 1s
 18850K .......... .......... .......... .......... .......... 55% 52.4M 1s
 18900K .......... .......... .......... .......... .......... 55% 55.2M 1s
 18950K .......... .......... .......... .......... .......... 56% 50.6M 1s
 19000K .......... .......... .......... .......... .......... 56% 53.0M 1s
 19050K .......... .......... .......... .......... .......... 56% 54.5M 1s
 19100K .......... .......... .......... .......... .......... 56% 55.3M 1s
 19150K .......... .......... .......... .......... .......... 56% 42.3M 1s
 19200K .......... .......... .......... .......... .......... 56% 55.2M 1s
 19250K .......... .......... .......... .......... .......... 57% 49.8M 1s
 19300K .......... .......... .......... .......... .......... 57% 50.4M 1s
 19350K .......... .......... .......... .......... .......... 57% 49.1M 1s
 19400K .......... .......... .......... .......... .......... 57% 52.3M 1s
 19450K .......... .......... .......... .......... .......... 57% 9.49M 1s
 19500K .......... .......... .......... .......... .......... 57% 50.6M 1s
 19550K .......... .......... .......... .......... .......... 57% 37.8M 1s
 19600K .......... .......... .......... .......... .......... 58% 55.4M 1s
 19650K .......... .......... .......... .......... .......... 58% 55.3M 1s
 19700K .......... .......... .......... .......... .......... 58% 55.9M 1s
 19750K .......... .......... .......... .......... .......... 58% 55.7M 1s
 19800K .......... .......... .......... .......... .......... 58% 55.6M 1s
 19850K .......... .......... .......... .......... .......... 58% 52.0M 1s
 19900K .......... .......... .......... .......... .......... 58% 51.6M 1s
 19950K .......... .......... .......... .......... .......... 59% 40.0M 1s
 20000K .......... .......... .......... .......... .......... 59% 54.6M 1s
 20050K .......... .......... .......... .......... .......... 59% 55.5M 1s
 20100K .......... .......... .......... .......... .......... 59% 55.7M 1s
 20150K .......... .......... .......... .......... .......... 59% 55.7M 1s
 20200K .......... .......... .......... .......... .......... 59% 55.7M 0s
 20250K .......... .......... .......... .......... .......... 59% 49.7M 0s
 20300K .......... .......... .......... .......... .......... 60% 50.5M 0s
 20350K .......... .......... .......... .......... .......... 60% 38.9M 0s
 20400K .......... .......... .......... .......... .......... 60% 54.2M 0s
 20450K .......... .......... .......... .......... .......... 60% 11.2M 0s
 20500K .......... .......... .......... .......... .......... 60% 50.0M 0s
 20550K .......... .......... .......... .......... .......... 60% 50.7M 0s
 20600K .......... .......... .......... .......... .......... 60% 51.9M 0s
 20650K .......... .......... .......... .......... .......... 61% 50.8M 0s
 20700K .......... .......... .......... .......... .......... 61% 55.2M 0s
 20750K .......... .......... .......... .......... .......... 61% 42.5M 0s
 20800K .......... .......... .......... .......... .......... 61% 55.7M 0s
 20850K .......... .......... .......... .......... .......... 61% 53.3M 0s
 20900K .......... .......... .......... .......... .......... 61% 54.6M 0s
 20950K .......... .......... .......... .......... .......... 62% 51.9M 0s
 21000K .......... .......... .......... .......... .......... 62% 53.0M 0s
 21050K .......... .......... .......... .......... .......... 62% 51.3M 0s
 21100K .......... .......... .......... .......... .......... 62% 52.1M 0s
 21150K .......... .......... .......... .......... .......... 62% 41.6M 0s
 21200K .......... .......... .......... .......... .......... 62% 55.4M 0s
 21250K .......... .......... .......... .......... .......... 62% 55.3M 0s
 21300K .......... .......... .......... .......... .......... 63% 55.7M 0s
 21350K .......... .......... .......... .......... .......... 63% 55.4M 0s
 21400K .......... .......... .......... .......... .......... 63% 53.0M 0s
 21450K .......... .......... .......... .......... .......... 63% 50.3M 0s
 21500K .......... .......... .......... .......... .......... 63% 8.95M 0s
 21550K .......... .......... .......... .......... .......... 63% 41.1M 0s
 21600K .......... .......... .......... .......... .......... 63% 50.4M 0s
 21650K .......... .......... .......... .......... .......... 64% 49.6M 0s
 21700K .......... .......... .......... .......... .......... 64% 50.5M 0s
 21750K .......... .......... .......... .......... .......... 64% 53.7M 0s
 21800K .......... .......... .......... .......... .......... 64% 56.6M 0s
 21850K .......... .......... .......... .......... .......... 64% 55.6M 0s
 21900K .......... .......... .......... .......... .......... 64% 55.4M 0s
 21950K .......... .......... .......... .......... .......... 64% 42.7M 0s
 22000K .......... .......... .......... .......... .......... 65% 51.2M 0s
 22050K .......... .......... .......... .......... .......... 65% 52.1M 0s
 22100K .......... .......... .......... .......... .......... 65% 51.7M 0s
 22150K .......... .......... .......... .......... .......... 65% 50.4M 0s
 22200K .......... .......... .......... .......... .......... 65% 54.4M 0s
 22250K .......... .......... .......... .......... .......... 65% 54.9M 0s
 22300K .......... .......... .......... .......... .......... 66% 55.6M 0s
 22350K .......... .......... .......... .......... .......... 66% 42.4M 0s
 22400K .......... .......... .......... .......... .......... 66% 53.2M 0s
 22450K .......... .......... .......... .......... .......... 66% 50.7M 0s
 22500K .......... .......... .......... .......... .......... 66% 8.81M 0s
 22550K .......... .......... .......... .......... .......... 66% 55.1M 0s
 22600K .......... .......... .......... .......... .......... 66% 51.1M 0s
 22650K .......... .......... .......... .......... .......... 67% 50.4M 0s
 22700K .......... .......... .......... .......... .......... 67% 49.9M 0s
 22750K .......... .......... .......... .......... .......... 67% 42.0M 0s
 22800K .......... .......... .......... .......... .......... 67% 55.7M 0s
 22850K .......... .......... .......... .......... .......... 67% 55.2M 0s
 22900K .......... .......... .......... .......... .......... 67% 55.7M 0s
 22950K .......... .......... .......... .......... .......... 67% 51.4M 0s
 23000K .......... .......... .......... .......... .......... 68% 51.8M 0s
 23050K .......... .......... .......... .......... .......... 68% 52.6M 0s
 23100K .......... .......... .......... .......... .......... 68% 51.4M 0s
 23150K .......... .......... .......... .......... .......... 68% 38.1M 0s
 23200K .......... .......... .......... .......... .......... 68% 55.2M 0s
 23250K .......... .......... .......... .......... .......... 68% 55.4M 0s
 23300K .......... .......... .......... .......... .......... 68% 55.4M 0s
 23350K .......... .......... .......... .......... .......... 69% 39.6M 0s
 23400K .......... .......... .......... .......... .......... 69% 51.2M 0s
 23450K .......... .......... .......... .......... .......... 69% 50.7M 0s
 23500K .......... .......... .......... .......... .......... 69% 50.2M 0s
 23550K .......... .......... .......... .......... .......... 69% 9.24M 0s
 23600K .......... .......... .......... .......... .......... 69% 49.4M 0s
 23650K .......... .......... .......... .......... .......... 70% 50.0M 0s
 23700K .......... .......... .......... .......... .......... 70% 50.1M 0s
 23750K .......... .......... .......... .......... .......... 70% 54.1M 0s
 23800K .......... .......... .......... .......... .......... 70% 56.2M 0s
 23850K .......... .......... .......... .......... .......... 70% 55.4M 0s
 23900K .......... .......... .......... .......... .......... 70% 56.0M 0s
 23950K .......... .......... .......... .......... .......... 70% 42.7M 0s
 24000K .......... .......... .......... .......... .......... 71% 51.6M 0s
 24050K .......... .......... .......... .......... .......... 71% 52.6M 0s
 24100K .......... .......... .......... .......... .......... 71% 51.1M 0s
 24150K .......... .......... .......... .......... .......... 71% 52.9M 0s
 24200K .......... .......... .......... .......... .......... 71% 53.7M 0s
 24250K .......... .......... .......... .......... .......... 71% 55.5M 0s
 24300K .......... .......... .......... .......... .......... 71% 55.4M 0s
 24350K .......... .......... .......... .......... .......... 72% 42.7M 0s
 24400K .......... .......... .......... .......... .......... 72% 55.4M 0s
 24450K .......... .......... .......... .......... .......... 72% 50.8M 0s
 24500K .......... .......... .......... .......... .......... 72% 49.9M 0s
 24550K .......... .......... .......... .......... .......... 72% 9.38M 0s
 24600K .......... .......... .......... .......... .......... 72% 53.4M 0s
 24650K .......... .......... .......... .......... .......... 72% 50.6M 0s
 24700K .......... .......... .......... .......... .......... 73% 50.2M 0s
 24750K .......... .......... .......... .......... .......... 73% 38.6M 0s
 24800K .......... .......... .......... .......... .......... 73% 52.9M 0s
 24850K .......... .......... .......... .......... .......... 73% 54.6M 0s
 24900K .......... .......... .......... .......... .......... 73% 54.3M 0s
 24950K .......... .......... .......... .......... .......... 73% 55.5M 0s
 25000K .......... .......... .......... .......... .......... 73% 52.9M 0s
 25050K .......... .......... .......... .......... .......... 74% 51.3M 0s
 25100K .......... .......... .......... .......... .......... 74% 52.7M 0s
 25150K .......... .......... .......... .......... .......... 74% 39.5M 0s
 25200K .......... .......... .......... .......... .......... 74% 51.8M 0s
 25250K .......... .......... .......... .......... .......... 74% 55.0M 0s
 25300K .......... .......... .......... .......... .......... 74% 55.3M 0s
 25350K .......... .......... .......... .......... .......... 75% 55.1M 0s
 25400K .......... .......... .......... .......... .......... 75% 55.5M 0s
 25450K .......... .......... .......... .......... .......... 75% 51.1M 0s
 25500K .......... .......... .......... .......... .......... 75% 50.0M 0s
 25550K .......... .......... .......... .......... .......... 75% 36.6M 0s
 25600K .......... .......... .......... .......... .......... 75% 9.55M 0s
 25650K .......... .......... .......... .......... .......... 75% 53.2M 0s
 25700K .......... .......... .......... .......... .......... 76% 50.7M 0s
 25750K .......... .......... .......... .......... .......... 76% 49.7M 0s
 25800K .......... .......... .......... .......... .......... 76% 51.0M 0s
 25850K .......... .......... .......... .......... .......... 76% 52.8M 0s
 25900K .......... .......... .......... .......... .......... 76% 55.7M 0s
 25950K .......... .......... .......... .......... .......... 76% 42.5M 0s
 26000K .......... .......... .......... .......... .......... 76% 55.4M 0s
 26050K .......... .......... .......... .......... .......... 77% 55.3M 0s
 26100K .......... .......... .......... .......... .......... 77% 51.3M 0s
 26150K .......... .......... .......... .......... .......... 77% 52.7M 0s
 26200K .......... .......... .......... .......... .......... 77% 54.1M 0s
 26250K .......... .......... .......... .......... .......... 77% 51.8M 0s
 26300K .......... .......... .......... .......... .......... 77% 55.0M 0s
 26350K .......... .......... .......... .......... .......... 77% 40.3M 0s
 26400K .......... .......... .......... .......... .......... 78% 52.3M 0s
 26450K .......... .......... .......... .......... .......... 78% 54.4M 0s
 26500K .......... .......... .......... .......... .......... 78% 55.5M 0s
 26550K .......... .......... .......... .......... .......... 78% 55.6M 0s
 26600K .......... .......... .......... .......... .......... 78% 11.0M 0s
 26650K .......... .......... .......... .......... .......... 78% 48.9M 0s
 26700K .......... .......... .......... .......... .......... 79% 51.7M 0s
 26750K .......... .......... .......... .......... .......... 79% 39.1M 0s
 26800K .......... .......... .......... .......... .......... 79% 54.4M 0s
 26850K .......... .......... .......... .......... .......... 79% 55.5M 0s
 26900K .......... .......... .......... .......... .......... 79% 55.8M 0s
 26950K .......... .......... .......... .......... .......... 79% 55.4M 0s
 27000K .......... .......... .......... .......... .......... 79% 51.5M 0s
 27050K .......... .......... .......... .......... .......... 80% 50.5M 0s
 27100K .......... .......... .......... .......... .......... 80% 54.6M 0s
 27150K .......... .......... .......... .......... .......... 80% 39.8M 0s
 27200K .......... .......... .......... .......... .......... 80% 50.3M 0s
 27250K .......... .......... .......... .......... .......... 80% 54.3M 0s
 27300K .......... .......... .......... .......... .......... 80% 54.3M 0s
 27350K .......... .......... .......... .......... .......... 80% 54.7M 0s
 27400K .......... .......... .......... .......... .......... 81% 56.6M 0s
 27450K .......... .......... .......... .......... .......... 81% 56.0M 0s
 27500K .......... .......... .......... .......... .......... 81% 52.6M 0s
 27550K .......... .......... .......... .......... .......... 81% 38.7M 0s
 27600K .......... .......... .......... .......... .......... 81% 48.3M 0s
 27650K .......... .......... .......... .......... .......... 81% 11.7M 0s
 27700K .......... .......... .......... .......... .......... 81% 55.2M 0s
 27750K .......... .......... .......... .......... .......... 82% 55.2M 0s
 27800K .......... .......... .......... .......... .......... 82% 54.4M 0s
 27850K .......... .......... .......... .......... .......... 82% 50.0M 0s
 27900K .......... .......... .......... .......... .......... 82% 49.7M 0s
 27950K .......... .......... .......... .......... .......... 82% 40.3M 0s
 28000K .......... .......... .......... .......... .......... 82% 55.5M 0s
 28050K .......... .......... .......... .......... .......... 82% 55.7M 0s
 28100K .......... .......... .......... .......... .......... 83% 55.2M 0s
 28150K .......... .......... .......... .......... .......... 83% 55.3M 0s
 28200K .......... .......... .......... .......... .......... 83% 52.5M 0s
 28250K .......... .......... .......... .......... .......... 83% 50.7M 0s
 28300K .......... .......... .......... .......... .......... 83% 51.0M 0s
 28350K .......... .......... .......... .......... .......... 83% 41.2M 0s
 28400K .......... .......... .......... .......... .......... 84% 50.9M 0s
 28450K .......... .......... .......... .......... .......... 84% 55.4M 0s
 28500K .......... .......... .......... .......... .......... 84% 55.6M 0s
 28550K .......... .......... .......... .......... .......... 84% 56.0M 0s
 28600K .......... .......... .......... .......... .......... 84% 56.6M 0s
 28650K .......... .......... .......... .......... .......... 84% 10.7M 0s
 28700K .......... .......... .......... .......... .......... 84% 49.7M 0s
 28750K .......... .......... .......... .......... .......... 85% 41.2M 0s
 28800K .......... .......... .......... .......... .......... 85% 55.8M 0s
 28850K .......... .......... .......... .......... .......... 85% 55.7M 0s
 28900K .......... .......... .......... .......... .......... 85% 55.4M 0s
 28950K .......... .......... .......... .......... .......... 85% 55.8M 0s
 29000K .......... .......... .......... .......... .......... 85% 56.1M 0s
 29050K .......... .......... .......... .......... .......... 85% 52.5M 0s
 29100K .......... .......... .......... .......... .......... 86% 50.4M 0s
 29150K .......... .......... .......... .......... .......... 86% 41.5M 0s
 29200K .......... .......... .......... .......... .......... 86% 55.2M 0s
 29250K .......... .......... .......... .......... .......... 86% 51.0M 0s
 29300K .......... .......... .......... .......... .......... 86% 53.5M 0s
 29350K .......... .......... .......... .......... .......... 86% 55.8M 0s
 29400K .......... .......... .......... .......... .......... 86% 56.3M 0s
 29450K .......... .......... .......... .......... .......... 87% 54.9M 0s
 29500K .......... .......... .......... .......... .......... 87% 55.4M 0s
 29550K .......... .......... .......... .......... .......... 87% 41.3M 0s
 29600K .......... .......... .......... .......... .......... 87% 50.3M 0s
 29650K .......... .......... .......... .......... .......... 87% 45.6M 0s
 29700K .......... .......... .......... .......... .......... 87% 10.8M 0s
 29750K .......... .......... .......... .......... .......... 88% 54.1M 0s
 29800K .......... .......... .......... .......... .......... 88% 52.1M 0s
 29850K .......... .......... .......... .......... .......... 88% 50.7M 0s
 29900K .......... .......... .......... .......... .......... 88% 50.0M 0s
 29950K .......... .......... .......... .......... .......... 88% 39.4M 0s
 30000K .......... .......... .......... .......... .......... 88% 55.4M 0s
 30050K .......... .......... .......... .......... .......... 88% 55.9M 0s
 30100K .......... .......... .......... .......... .......... 89% 56.0M 0s
 30150K .......... .......... .......... .......... .......... 89% 55.7M 0s
 30200K .......... .......... .......... .......... .......... 89% 56.4M 0s
 30250K .......... .......... .......... .......... .......... 89% 53.3M 0s
 30300K .......... .......... .......... .......... .......... 89% 50.4M 0s
 30350K .......... .......... .......... .......... .......... 89% 38.9M 0s
 30400K .......... .......... .......... .......... .......... 89% 50.6M 0s
 30450K .......... .......... .......... .......... .......... 90% 55.1M 0s
 30500K .......... .......... .......... .......... .......... 90% 55.3M 0s
 30550K .......... .......... .......... .......... .......... 90% 55.5M 0s
 30600K .......... .......... .......... .......... .......... 90% 56.6M 0s
 30650K .......... .......... .......... .......... .......... 90% 52.7M 0s
 30700K .......... .......... .......... .......... .......... 90% 8.78M 0s
 30750K .......... .......... .......... .......... .......... 90% 42.2M 0s
 30800K .......... .......... .......... .......... .......... 91% 51.5M 0s
 30850K .......... .......... .......... .......... .......... 91% 49.5M 0s
 30900K .......... .......... .......... .......... .......... 91% 51.3M 0s
 30950K .......... .......... .......... .......... .......... 91% 55.3M 0s
 31000K .......... .......... .......... .......... .......... 91% 56.3M 0s
 31050K .......... .......... .......... .......... .......... 91% 55.3M 0s
 31100K .......... .......... .......... .......... .......... 92% 54.9M 0s
 31150K .......... .......... .......... .......... .......... 92% 40.1M 0s
 31200K .......... .......... .......... .......... .......... 92% 52.7M 0s
 31250K .......... .......... .......... .......... .......... 92% 50.4M 0s
 31300K .......... .......... .......... .......... .......... 92% 52.9M 0s
 31350K .......... .......... .......... .......... .......... 92% 51.9M 0s
 31400K .......... .......... .......... .......... .......... 92% 56.1M 0s
 31450K .......... .......... .......... .......... .......... 93% 55.8M 0s
 31500K .......... .......... .......... .......... .......... 93% 55.1M 0s
 31550K .......... .......... .......... .......... .......... 93% 38.5M 0s
 31600K .......... .......... .......... .......... .......... 93% 51.5M 0s
 31650K .......... .......... .......... .......... .......... 93% 50.5M 0s
 31700K .......... .......... .......... .......... .......... 93% 48.5M 0s
 31750K .......... .......... .......... .......... .......... 93% 12.3M 0s
 31800K .......... .......... .......... .......... .......... 94% 51.3M 0s
 31850K .......... .......... .......... .......... .......... 94% 51.2M 0s
 31900K .......... .......... .......... .......... .......... 94% 52.2M 0s
 31950K .......... .......... .......... .......... .......... 94% 40.4M 0s
 32000K .......... .......... .......... .......... .......... 94% 54.4M 0s
 32050K .......... .......... .......... .......... .......... 94% 56.1M 0s
 32100K .......... .......... .......... .......... .......... 94% 55.6M 0s
 32150K .......... .......... .......... .......... .......... 95% 52.8M 0s
 32200K .......... .......... .......... .......... .......... 95% 54.1M 0s
 32250K .......... .......... .......... .......... .......... 95% 52.3M 0s
 32300K .......... .......... .......... .......... .......... 95% 51.5M 0s
 32350K .......... .......... .......... .......... .......... 95% 40.7M 0s
 32400K .......... .......... .......... .......... .......... 95% 54.5M 0s
 32450K .......... .......... .......... .......... .......... 95% 55.6M 0s
 32500K .......... .......... .......... .......... .......... 96% 55.2M 0s
 32550K .......... .......... .......... .......... .......... 96% 53.5M 0s
 32600K .......... .......... .......... .......... .......... 96% 51.1M 0s
 32650K .......... .......... .......... .......... .......... 96% 50.3M 0s
 32700K .......... .......... .......... .......... .......... 96% 55.5M 0s
 32750K .......... .......... .......... .......... .......... 96% 10.5M 0s
 32800K .......... .......... .......... .......... .......... 97% 55.5M 0s
 32850K .......... .......... .......... .......... .......... 97% 55.5M 0s
 32900K .......... .......... .......... .......... .......... 97% 55.4M 0s
 32950K .......... .......... .......... .......... .......... 97% 55.5M 0s
 33000K .......... .......... .......... .......... .......... 97% 56.0M 0s
 33050K .......... .......... .......... .......... .......... 97% 55.2M 0s
 33100K .......... .......... .......... .......... .......... 97% 55.8M 0s
 33150K .......... .......... .......... .......... .......... 98% 42.5M 0s
 33200K .......... .......... .......... .......... .......... 98% 55.4M 0s
 33250K .......... .......... .......... .......... .......... 98% 54.9M 0s
 33300K .......... .......... .......... .......... .......... 98% 55.0M 0s
 33350K .......... .......... .......... .......... .......... 98% 55.3M 0s
 33400K .......... .......... .......... .......... .......... 98% 55.6M 0s
 33450K .......... .......... .......... .......... .......... 98% 55.3M 0s
 33500K .......... .......... .......... .......... .......... 99% 54.3M 0s
 33550K .......... .......... .......... .......... .......... 99% 42.1M 0s
 33600K .......... .......... .......... .......... .......... 99% 55.2M 0s
 33650K .......... .......... .......... .......... .......... 99% 55.5M 0s
 33700K .......... .......... .......... .......... .......... 99% 55.0M 0s
 33750K .......... .......... .......... .......... .......... 99% 51.4M 0s
 33800K .......... .......... .......... .......... .......... 99% 11.2M 0s
 33850K ......                                                100% 18.9M=1.1s

2016-04-17 23:43:29 (31.3 MB/s) - “nin_nobn_final.t7” saved [34668629/34668629]

luajit: ...ashishb/maverick/torch_cuda/share/lua/5.1/torch/File.lua:301: Failed to load function from bytecode: (binary): cannot load incompatible bytecode
stack traceback:
	[C]: in function 'error'
	...ashishb/maverick/torch_cuda/share/lua/5.1/torch/File.lua:301: in function 'readObject'
	...ashishb/maverick/torch_cuda/share/lua/5.1/torch/File.lua:369: in function 'readObject'
	...ashishb/maverick/torch_cuda/share/lua/5.1/torch/File.lua:409: in function 'load'
	classify.lua:28: in main chunk
	[C]: at 0x004051e0
