job execution at: Fri Apr 22 06:05:21 CDT 2016
running on node c221-801
Running string split... done
Running getImPaths... done
Loading pretrained model... done
Loading image paths and labels... done
Training... 
batch_err = 0.11653949022293
batch_err = 0
Testing... average test_loss = 1.269461824894, average test_pred_err = 0.4
batch_err = 0
batch_err = 0
Testing... average test_loss = 1.269461824894, average test_pred_err = 0.4
batch_err = 0
batch_err = 0
Testing... average test_loss = 1.269461824894, average test_pred_err = 0.4
batch_err = 0
batch_err = 0
Testing... average test_loss = 1.269461824894, average test_pred_err = 0.4
batch_err = 0
batch_err = 0
Testing... average test_loss = 1.269461824894, average test_pred_err = 0.4
